{"C:\\facultate\\sem4\\mpp\\github-project\\synchronicity-space\\synchronicity-space-backend\\src\\app.js": {"path":"C:\\facultate\\sem4\\mpp\\github-project\\synchronicity-space\\synchronicity-space-backend\\src\\app.js","statementMap":{"0":{"start":{"line":5,"column":12},"end":{"line":5,"column":21}},"1":{"start":{"line":7,"column":0},"end":{"line":13,"column":3}},"2":{"start":{"line":8,"column":2},"end":{"line":8,"column":72}},"3":{"start":{"line":9,"column":2},"end":{"line":9,"column":83}},"4":{"start":{"line":10,"column":2},"end":{"line":10,"column":79}},"5":{"start":{"line":11,"column":2},"end":{"line":11,"column":59}},"6":{"start":{"line":11,"column":32},"end":{"line":11,"column":59}},"7":{"start":{"line":12,"column":2},"end":{"line":12,"column":9}},"8":{"start":{"line":15,"column":0},"end":{"line":15,"column":24}},"9":{"start":{"line":16,"column":0},"end":{"line":16,"column":39}},"10":{"start":{"line":18,"column":0},"end":{"line":20,"column":3}},"11":{"start":{"line":19,"column":2},"end":{"line":19,"column":64}},"12":{"start":{"line":22,"column":0},"end":{"line":22,"column":30}}},"fnMap":{"0":{"name":"(anonymous_0)","decl":{"start":{"line":7,"column":8},"end":{"line":7,"column":9}},"loc":{"start":{"line":7,"column":28},"end":{"line":13,"column":1}},"line":7},"1":{"name":"(anonymous_1)","decl":{"start":{"line":18,"column":13},"end":{"line":18,"column":14}},"loc":{"start":{"line":18,"column":27},"end":{"line":20,"column":1}},"line":18}},"branchMap":{"0":{"loc":{"start":{"line":11,"column":2},"end":{"line":11,"column":59}},"type":"if","locations":[{"start":{"line":11,"column":2},"end":{"line":11,"column":59}},{"start":{},"end":{}}],"line":11}},"s":{"0":1,"1":1,"2":102,"3":102,"4":102,"5":102,"6":0,"7":102,"8":1,"9":1,"10":1,"11":1,"12":1},"f":{"0":102,"1":1},"b":{"0":[0,102]},"_coverageSchema":"1a1c01bbd47fc00a2c39e90264f33305004495a9","hash":"1d859121acd791e56f7c46f973663da982364261"}
,"C:\\facultate\\sem4\\mpp\\github-project\\synchronicity-space\\synchronicity-space-backend\\src\\models\\note.js": {"path":"C:\\facultate\\sem4\\mpp\\github-project\\synchronicity-space\\synchronicity-space-backend\\src\\models\\note.js","statementMap":{"0":{"start":{"line":4,"column":32},"end":{"line":18,"column":2}},"1":{"start":{"line":10,"column":28},"end":{"line":10,"column":38}},"2":{"start":{"line":20,"column":32},"end":{"line":30,"column":2}},"3":{"start":{"line":23,"column":28},"end":{"line":23,"column":38}},"4":{"start":{"line":33,"column":4},"end":{"line":40,"column":6}}},"fnMap":{"0":{"name":"(anonymous_0)","decl":{"start":{"line":10,"column":19},"end":{"line":10,"column":20}},"loc":{"start":{"line":10,"column":28},"end":{"line":10,"column":38}},"line":10},"1":{"name":"(anonymous_1)","decl":{"start":{"line":23,"column":19},"end":{"line":23,"column":20}},"loc":{"start":{"line":23,"column":28},"end":{"line":23,"column":38}},"line":23},"2":{"name":"createNote","decl":{"start":{"line":32,"column":16},"end":{"line":32,"column":26}},"loc":{"start":{"line":32,"column":42},"end":{"line":41,"column":1}},"line":32}},"branchMap":{},"s":{"0":1,"1":50,"2":1,"3":5,"4":43},"f":{"0":50,"1":5,"2":43},"b":{},"_coverageSchema":"1a1c01bbd47fc00a2c39e90264f33305004495a9","hash":"7addc004fdae8de65599511c6a3ef02c4f364760"}
,"C:\\facultate\\sem4\\mpp\\github-project\\synchronicity-space\\synchronicity-space-backend\\src\\routers\\generatorRouter.js": {"path":"C:\\facultate\\sem4\\mpp\\github-project\\synchronicity-space\\synchronicity-space-backend\\src\\routers\\generatorRouter.js","statementMap":{"0":{"start":{"line":6,"column":31},"end":{"line":6,"column":39}},"1":{"start":{"line":8,"column":16},"end":{"line":8,"column":20}},"2":{"start":{"line":9,"column":36},"end":{"line":9,"column":52}},"3":{"start":{"line":11,"column":17},"end":{"line":11,"column":21}},"4":{"start":{"line":13,"column":15},"end":{"line":18,"column":1}},"5":{"start":{"line":20,"column":17},"end":{"line":20,"column":32}},"6":{"start":{"line":22,"column":0},"end":{"line":43,"column":3}},"7":{"start":{"line":23,"column":4},"end":{"line":23,"column":80}},"8":{"start":{"line":23,"column":20},"end":{"line":23,"column":80}},"9":{"start":{"line":25,"column":4},"end":{"line":41,"column":13}},"10":{"start":{"line":26,"column":22},"end":{"line":38,"column":10}},"11":{"start":{"line":27,"column":26},"end":{"line":27,"column":60}},"12":{"start":{"line":28,"column":28},"end":{"line":28,"column":70}},"13":{"start":{"line":30,"column":12},"end":{"line":37,"column":14}},"14":{"start":{"line":39,"column":8},"end":{"line":39,"column":31}},"15":{"start":{"line":40,"column":8},"end":{"line":40,"column":69}},"16":{"start":{"line":40,"column":23},"end":{"line":40,"column":69}},"17":{"start":{"line":42,"column":4},"end":{"line":42,"column":45}},"18":{"start":{"line":45,"column":0},"end":{"line":49,"column":2}},"19":{"start":{"line":46,"column":4},"end":{"line":46,"column":30}},"20":{"start":{"line":47,"column":4},"end":{"line":47,"column":22}},"21":{"start":{"line":48,"column":4},"end":{"line":48,"column":45}}},"fnMap":{"0":{"name":"setBroadcast","decl":{"start":{"line":9,"column":16},"end":{"line":9,"column":28}},"loc":{"start":{"line":9,"column":34},"end":{"line":9,"column":54}},"line":9},"1":{"name":"(anonymous_1)","decl":{"start":{"line":22,"column":31},"end":{"line":22,"column":32}},"loc":{"start":{"line":22,"column":45},"end":{"line":43,"column":1}},"line":22},"2":{"name":"(anonymous_2)","decl":{"start":{"line":25,"column":29},"end":{"line":25,"column":30}},"loc":{"start":{"line":25,"column":35},"end":{"line":41,"column":5}},"line":25},"3":{"name":"(anonymous_3)","decl":{"start":{"line":26,"column":48},"end":{"line":26,"column":49}},"loc":{"start":{"line":26,"column":54},"end":{"line":38,"column":9}},"line":26},"4":{"name":"(anonymous_4)","decl":{"start":{"line":45,"column":30},"end":{"line":45,"column":31}},"loc":{"start":{"line":45,"column":44},"end":{"line":49,"column":1}},"line":45}},"branchMap":{"0":{"loc":{"start":{"line":23,"column":4},"end":{"line":23,"column":80}},"type":"if","locations":[{"start":{"line":23,"column":4},"end":{"line":23,"column":80}},{"start":{},"end":{}}],"line":23},"1":{"loc":{"start":{"line":40,"column":8},"end":{"line":40,"column":69}},"type":"if","locations":[{"start":{"line":40,"column":8},"end":{"line":40,"column":69}},{"start":{},"end":{}}],"line":40}},"s":{"0":1,"1":1,"2":0,"3":1,"4":1,"5":1,"6":1,"7":0,"8":0,"9":0,"10":0,"11":0,"12":0,"13":0,"14":0,"15":0,"16":0,"17":0,"18":1,"19":0,"20":0,"21":0},"f":{"0":0,"1":0,"2":0,"3":0,"4":0},"b":{"0":[0,0],"1":[0,0]},"_coverageSchema":"1a1c01bbd47fc00a2c39e90264f33305004495a9","hash":"00c6ec25dc6cef6e33c2bca3d2975c52bb024a9a"}
,"C:\\facultate\\sem4\\mpp\\github-project\\synchronicity-space\\synchronicity-space-backend\\src\\routers\\noteRouter.js": {"path":"C:\\facultate\\sem4\\mpp\\github-project\\synchronicity-space\\synchronicity-space-backend\\src\\routers\\noteRouter.js","statementMap":{"0":{"start":{"line":8,"column":26},"end":{"line":8,"column":34}},"1":{"start":{"line":11,"column":19},"end":{"line":11,"column":37}},"2":{"start":{"line":12,"column":4},"end":{"line":12,"column":66}},"3":{"start":{"line":12,"column":29},"end":{"line":12,"column":64}},"4":{"start":{"line":15,"column":0},"end":{"line":53,"column":3}},"5":{"start":{"line":16,"column":18},"end":{"line":16,"column":31}},"6":{"start":{"line":17,"column":4},"end":{"line":27,"column":5}},"7":{"start":{"line":18,"column":8},"end":{"line":26,"column":10}},"8":{"start":{"line":29,"column":26},"end":{"line":29,"column":28}},"9":{"start":{"line":30,"column":26},"end":{"line":30,"column":28}},"10":{"start":{"line":31,"column":25},"end":{"line":31,"column":27}},"11":{"start":{"line":32,"column":22},"end":{"line":32,"column":23}},"12":{"start":{"line":34,"column":4},"end":{"line":39,"column":5}},"13":{"start":{"line":35,"column":8},"end":{"line":35,"column":77}},"14":{"start":{"line":36,"column":8},"end":{"line":36,"column":77}},"15":{"start":{"line":37,"column":8},"end":{"line":37,"column":73}},"16":{"start":{"line":38,"column":8},"end":{"line":38,"column":40}},"17":{"start":{"line":41,"column":28},"end":{"line":41,"column":91}},"18":{"start":{"line":41,"column":73},"end":{"line":41,"column":84}},"19":{"start":{"line":42,"column":28},"end":{"line":42,"column":91}},"20":{"start":{"line":42,"column":73},"end":{"line":42,"column":84}},"21":{"start":{"line":44,"column":4},"end":{"line":52,"column":7}},"22":{"start":{"line":55,"column":0},"end":{"line":82,"column":3}},"23":{"start":{"line":56,"column":20},"end":{"line":56,"column":34}},"24":{"start":{"line":57,"column":24},"end":{"line":57,"column":42}},"25":{"start":{"line":58,"column":17},"end":{"line":58,"column":60}},"26":{"start":{"line":59,"column":21},"end":{"line":59,"column":73}},"27":{"start":{"line":61,"column":4},"end":{"line":63,"column":5}},"28":{"start":{"line":62,"column":8},"end":{"line":62,"column":82}},"29":{"start":{"line":64,"column":4},"end":{"line":66,"column":5}},"30":{"start":{"line":65,"column":8},"end":{"line":65,"column":99}},"31":{"start":{"line":68,"column":41},"end":{"line":68,"column":50}},"32":{"start":{"line":70,"column":16},"end":{"line":70,"column":29}},"33":{"start":{"line":72,"column":4},"end":{"line":72,"column":68}},"34":{"start":{"line":72,"column":17},"end":{"line":72,"column":68}},"35":{"start":{"line":72,"column":45},"end":{"line":72,"column":66}},"36":{"start":{"line":73,"column":4},"end":{"line":73,"column":68}},"37":{"start":{"line":73,"column":17},"end":{"line":73,"column":68}},"38":{"start":{"line":73,"column":45},"end":{"line":73,"column":66}},"39":{"start":{"line":74,"column":4},"end":{"line":74,"column":65}},"40":{"start":{"line":74,"column":16},"end":{"line":74,"column":65}},"41":{"start":{"line":74,"column":44},"end":{"line":74,"column":63}},"42":{"start":{"line":76,"column":18},"end":{"line":76,"column":30}},"43":{"start":{"line":77,"column":23},"end":{"line":77,"column":63}},"44":{"start":{"line":78,"column":18},"end":{"line":78,"column":39}},"45":{"start":{"line":79,"column":18},"end":{"line":79,"column":54}},"46":{"start":{"line":81,"column":4},"end":{"line":81,"column":59}},"47":{"start":{"line":84,"column":0},"end":{"line":90,"column":3}},"48":{"start":{"line":85,"column":15},"end":{"line":85,"column":41}},"49":{"start":{"line":86,"column":2},"end":{"line":88,"column":3}},"50":{"start":{"line":87,"column":4},"end":{"line":87,"column":80}},"51":{"start":{"line":89,"column":2},"end":{"line":89,"column":17}},"52":{"start":{"line":92,"column":0},"end":{"line":104,"column":3}},"53":{"start":{"line":93,"column":2},"end":{"line":93,"column":24}},"54":{"start":{"line":94,"column":17},"end":{"line":94,"column":53}},"55":{"start":{"line":96,"column":2},"end":{"line":98,"column":3}},"56":{"start":{"line":97,"column":4},"end":{"line":97,"column":72}},"57":{"start":{"line":100,"column":15},"end":{"line":100,"column":38}},"58":{"start":{"line":101,"column":2},"end":{"line":101,"column":16}},"59":{"start":{"line":103,"column":2},"end":{"line":103,"column":29}},"60":{"start":{"line":106,"column":0},"end":{"line":129,"column":3}},"61":{"start":{"line":107,"column":33},"end":{"line":107,"column":42}},"62":{"start":{"line":109,"column":2},"end":{"line":111,"column":3}},"63":{"start":{"line":110,"column":4},"end":{"line":110,"column":92}},"64":{"start":{"line":113,"column":19},"end":{"line":113,"column":45}},"65":{"start":{"line":114,"column":2},"end":{"line":116,"column":3}},"66":{"start":{"line":115,"column":4},"end":{"line":115,"column":80}},"67":{"start":{"line":118,"column":2},"end":{"line":120,"column":3}},"68":{"start":{"line":119,"column":4},"end":{"line":119,"column":79}},"69":{"start":{"line":122,"column":17},"end":{"line":122,"column":53}},"70":{"start":{"line":123,"column":2},"end":{"line":125,"column":3}},"71":{"start":{"line":124,"column":4},"end":{"line":124,"column":72}},"72":{"start":{"line":127,"column":18},"end":{"line":127,"column":71}},"73":{"start":{"line":128,"column":2},"end":{"line":128,"column":20}},"74":{"start":{"line":131,"column":0},"end":{"line":149,"column":3}},"75":{"start":{"line":132,"column":33},"end":{"line":132,"column":42}},"76":{"start":{"line":134,"column":2},"end":{"line":136,"column":3}},"77":{"start":{"line":135,"column":4},"end":{"line":135,"column":92}},"78":{"start":{"line":138,"column":19},"end":{"line":138,"column":45}},"79":{"start":{"line":139,"column":2},"end":{"line":141,"column":3}},"80":{"start":{"line":140,"column":4},"end":{"line":140,"column":80}},"81":{"start":{"line":143,"column":2},"end":{"line":145,"column":3}},"82":{"start":{"line":144,"column":4},"end":{"line":144,"column":81}},"83":{"start":{"line":147,"column":2},"end":{"line":147,"column":28}},"84":{"start":{"line":148,"column":2},"end":{"line":148,"column":25}}},"fnMap":{"0":{"name":"formatErrors","decl":{"start":{"line":10,"column":9},"end":{"line":10,"column":21}},"loc":{"start":{"line":10,"column":29},"end":{"line":13,"column":1}},"line":10},"1":{"name":"(anonymous_1)","decl":{"start":{"line":12,"column":22},"end":{"line":12,"column":23}},"loc":{"start":{"line":12,"column":29},"end":{"line":12,"column":64}},"line":12},"2":{"name":"(anonymous_2)","decl":{"start":{"line":15,"column":25},"end":{"line":15,"column":26}},"loc":{"start":{"line":15,"column":39},"end":{"line":53,"column":1}},"line":15},"3":{"name":"(anonymous_3)","decl":{"start":{"line":41,"column":63},"end":{"line":41,"column":64}},"loc":{"start":{"line":41,"column":73},"end":{"line":41,"column":84}},"line":41},"4":{"name":"(anonymous_4)","decl":{"start":{"line":42,"column":63},"end":{"line":42,"column":64}},"loc":{"start":{"line":42,"column":73},"end":{"line":42,"column":84}},"line":42},"5":{"name":"(anonymous_5)","decl":{"start":{"line":55,"column":20},"end":{"line":55,"column":21}},"loc":{"start":{"line":55,"column":34},"end":{"line":82,"column":1}},"line":55},"6":{"name":"(anonymous_6)","decl":{"start":{"line":72,"column":38},"end":{"line":72,"column":39}},"loc":{"start":{"line":72,"column":45},"end":{"line":72,"column":66}},"line":72},"7":{"name":"(anonymous_7)","decl":{"start":{"line":73,"column":38},"end":{"line":73,"column":39}},"loc":{"start":{"line":73,"column":45},"end":{"line":73,"column":66}},"line":73},"8":{"name":"(anonymous_8)","decl":{"start":{"line":74,"column":37},"end":{"line":74,"column":38}},"loc":{"start":{"line":74,"column":44},"end":{"line":74,"column":63}},"line":74},"9":{"name":"(anonymous_9)","decl":{"start":{"line":84,"column":23},"end":{"line":84,"column":24}},"loc":{"start":{"line":84,"column":37},"end":{"line":90,"column":1}},"line":84},"10":{"name":"(anonymous_10)","decl":{"start":{"line":92,"column":21},"end":{"line":92,"column":22}},"loc":{"start":{"line":92,"column":35},"end":{"line":104,"column":1}},"line":92},"11":{"name":"(anonymous_11)","decl":{"start":{"line":106,"column":23},"end":{"line":106,"column":24}},"loc":{"start":{"line":106,"column":37},"end":{"line":129,"column":1}},"line":106},"12":{"name":"(anonymous_12)","decl":{"start":{"line":131,"column":26},"end":{"line":131,"column":27}},"loc":{"start":{"line":131,"column":40},"end":{"line":149,"column":1}},"line":131}},"branchMap":{"0":{"loc":{"start":{"line":11,"column":19},"end":{"line":11,"column":37}},"type":"binary-expr","locations":[{"start":{"line":11,"column":19},"end":{"line":11,"column":31}},{"start":{"line":11,"column":35},"end":{"line":11,"column":37}}],"line":11},"1":{"loc":{"start":{"line":17,"column":4},"end":{"line":27,"column":5}},"type":"if","locations":[{"start":{"line":17,"column":4},"end":{"line":27,"column":5}},{"start":{},"end":{}}],"line":17},"2":{"loc":{"start":{"line":35,"column":39},"end":{"line":35,"column":71}},"type":"binary-expr","locations":[{"start":{"line":35,"column":39},"end":{"line":35,"column":66}},{"start":{"line":35,"column":70},"end":{"line":35,"column":71}}],"line":35},"3":{"loc":{"start":{"line":36,"column":39},"end":{"line":36,"column":71}},"type":"binary-expr","locations":[{"start":{"line":36,"column":39},"end":{"line":36,"column":66}},{"start":{"line":36,"column":70},"end":{"line":36,"column":71}}],"line":36},"4":{"loc":{"start":{"line":37,"column":37},"end":{"line":37,"column":67}},"type":"binary-expr","locations":[{"start":{"line":37,"column":37},"end":{"line":37,"column":62}},{"start":{"line":37,"column":66},"end":{"line":37,"column":67}}],"line":37},"5":{"loc":{"start":{"line":58,"column":17},"end":{"line":58,"column":60}},"type":"cond-expr","locations":[{"start":{"line":58,"column":41},"end":{"line":58,"column":56}},{"start":{"line":58,"column":59},"end":{"line":58,"column":60}}],"line":58},"6":{"loc":{"start":{"line":59,"column":21},"end":{"line":59,"column":73}},"type":"cond-expr","locations":[{"start":{"line":59,"column":49},"end":{"line":59,"column":68}},{"start":{"line":59,"column":71},"end":{"line":59,"column":73}}],"line":59},"7":{"loc":{"start":{"line":61,"column":4},"end":{"line":63,"column":5}},"type":"if","locations":[{"start":{"line":61,"column":4},"end":{"line":63,"column":5}},{"start":{},"end":{}}],"line":61},"8":{"loc":{"start":{"line":61,"column":8},"end":{"line":61,"column":43}},"type":"binary-expr","locations":[{"start":{"line":61,"column":8},"end":{"line":61,"column":31}},{"start":{"line":61,"column":35},"end":{"line":61,"column":43}}],"line":61},"9":{"loc":{"start":{"line":64,"column":4},"end":{"line":66,"column":5}},"type":"if","locations":[{"start":{"line":64,"column":4},"end":{"line":66,"column":5}},{"start":{},"end":{}}],"line":64},"10":{"loc":{"start":{"line":64,"column":8},"end":{"line":64,"column":69}},"type":"binary-expr","locations":[{"start":{"line":64,"column":8},"end":{"line":64,"column":35}},{"start":{"line":64,"column":39},"end":{"line":64,"column":51}},{"start":{"line":64,"column":55},"end":{"line":64,"column":69}}],"line":64},"11":{"loc":{"start":{"line":72,"column":4},"end":{"line":72,"column":68}},"type":"if","locations":[{"start":{"line":72,"column":4},"end":{"line":72,"column":68}},{"start":{},"end":{}}],"line":72},"12":{"loc":{"start":{"line":73,"column":4},"end":{"line":73,"column":68}},"type":"if","locations":[{"start":{"line":73,"column":4},"end":{"line":73,"column":68}},{"start":{},"end":{}}],"line":73},"13":{"loc":{"start":{"line":74,"column":4},"end":{"line":74,"column":65}},"type":"if","locations":[{"start":{"line":74,"column":4},"end":{"line":74,"column":65}},{"start":{},"end":{}}],"line":74},"14":{"loc":{"start":{"line":86,"column":2},"end":{"line":88,"column":3}},"type":"if","locations":[{"start":{"line":86,"column":2},"end":{"line":88,"column":3}},{"start":{},"end":{}}],"line":86},"15":{"loc":{"start":{"line":96,"column":2},"end":{"line":98,"column":3}},"type":"if","locations":[{"start":{"line":96,"column":2},"end":{"line":98,"column":3}},{"start":{},"end":{}}],"line":96},"16":{"loc":{"start":{"line":109,"column":2},"end":{"line":111,"column":3}},"type":"if","locations":[{"start":{"line":109,"column":2},"end":{"line":111,"column":3}},{"start":{},"end":{}}],"line":109},"17":{"loc":{"start":{"line":114,"column":2},"end":{"line":116,"column":3}},"type":"if","locations":[{"start":{"line":114,"column":2},"end":{"line":116,"column":3}},{"start":{},"end":{}}],"line":114},"18":{"loc":{"start":{"line":118,"column":2},"end":{"line":120,"column":3}},"type":"if","locations":[{"start":{"line":118,"column":2},"end":{"line":120,"column":3}},{"start":{},"end":{}}],"line":118},"19":{"loc":{"start":{"line":123,"column":2},"end":{"line":125,"column":3}},"type":"if","locations":[{"start":{"line":123,"column":2},"end":{"line":125,"column":3}},{"start":{},"end":{}}],"line":123},"20":{"loc":{"start":{"line":134,"column":2},"end":{"line":136,"column":3}},"type":"if","locations":[{"start":{"line":134,"column":2},"end":{"line":136,"column":3}},{"start":{},"end":{}}],"line":134},"21":{"loc":{"start":{"line":139,"column":2},"end":{"line":141,"column":3}},"type":"if","locations":[{"start":{"line":139,"column":2},"end":{"line":141,"column":3}},{"start":{},"end":{}}],"line":139},"22":{"loc":{"start":{"line":143,"column":2},"end":{"line":145,"column":3}},"type":"if","locations":[{"start":{"line":143,"column":2},"end":{"line":145,"column":3}},{"start":{},"end":{}}],"line":143}},"s":{"0":1,"1":10,"2":10,"3":10,"4":1,"5":6,"6":6,"7":1,"8":5,"9":5,"10":5,"11":5,"12":5,"13":13,"14":13,"15":13,"16":13,"17":5,"18":2,"19":5,"20":0,"21":5,"22":1,"23":16,"24":16,"25":16,"26":16,"27":16,"28":1,"29":15,"30":1,"31":14,"32":14,"33":14,"34":1,"35":4,"36":14,"37":1,"38":3,"39":14,"40":1,"41":3,"42":14,"43":14,"44":14,"45":14,"46":14,"47":1,"48":4,"49":4,"50":3,"51":1,"52":1,"53":50,"54":50,"55":50,"56":7,"57":43,"58":43,"59":43,"60":1,"61":8,"62":8,"63":1,"64":7,"65":7,"66":1,"67":6,"68":1,"69":5,"70":5,"71":3,"72":2,"73":2,"74":1,"75":17,"76":17,"77":1,"78":16,"79":16,"80":2,"81":14,"82":1,"83":13,"84":13},"f":{"0":10,"1":10,"2":6,"3":2,"4":0,"5":16,"6":4,"7":3,"8":3,"9":4,"10":50,"11":8,"12":17},"b":{"0":[10,0],"1":[1,5],"2":[13,7],"3":[13,5],"4":[13,6],"5":[4,12],"6":[5,11],"7":[1,15],"8":[16,16],"9":[1,14],"10":[15,15,14],"11":[1,13],"12":[1,13],"13":[1,13],"14":[3,1],"15":[7,43],"16":[1,7],"17":[1,6],"18":[1,5],"19":[3,2],"20":[1,16],"21":[2,14],"22":[1,13]},"_coverageSchema":"1a1c01bbd47fc00a2c39e90264f33305004495a9","hash":"3c9aa2422d88062eda8ec0b36465314b62a3382c"}
,"C:\\facultate\\sem4\\mpp\\github-project\\synchronicity-space\\synchronicity-space-backend\\src\\store\\noteStore.js": {"path":"C:\\facultate\\sem4\\mpp\\github-project\\synchronicity-space\\synchronicity-space-backend\\src\\store\\noteStore.js","statementMap":{"0":{"start":{"line":1,"column":19},"end":{"line":18,"column":1}},"1":{"start":{"line":20,"column":12},"end":{"line":20,"column":45}},"2":{"start":{"line":20,"column":35},"end":{"line":20,"column":43}},"3":{"start":{"line":23,"column":4},"end":{"line":23,"column":17}},"4":{"start":{"line":27,"column":4},"end":{"line":27,"column":50}},"5":{"start":{"line":27,"column":29},"end":{"line":27,"column":40}},"6":{"start":{"line":31,"column":4},"end":{"line":31,"column":21}},"7":{"start":{"line":32,"column":4},"end":{"line":32,"column":16}},"8":{"start":{"line":36,"column":18},"end":{"line":36,"column":53}},"9":{"start":{"line":36,"column":41},"end":{"line":36,"column":52}},"10":{"start":{"line":37,"column":4},"end":{"line":37,"column":33}},"11":{"start":{"line":37,"column":21},"end":{"line":37,"column":33}},"12":{"start":{"line":38,"column":4},"end":{"line":38,"column":49}},"13":{"start":{"line":39,"column":4},"end":{"line":39,"column":24}},"14":{"start":{"line":43,"column":4},"end":{"line":43,"column":45}},"15":{"start":{"line":43,"column":32},"end":{"line":43,"column":43}},"16":{"start":{"line":44,"column":4},"end":{"line":44,"column":16}},"17":{"start":{"line":48,"column":2},"end":{"line":48,"column":44}},"18":{"start":{"line":48,"column":33},"end":{"line":48,"column":41}}},"fnMap":{"0":{"name":"(anonymous_0)","decl":{"start":{"line":20,"column":27},"end":{"line":20,"column":28}},"loc":{"start":{"line":20,"column":35},"end":{"line":20,"column":43}},"line":20},"1":{"name":"getAllNotes","decl":{"start":{"line":22,"column":16},"end":{"line":22,"column":27}},"loc":{"start":{"line":22,"column":30},"end":{"line":24,"column":1}},"line":22},"2":{"name":"getNoteById","decl":{"start":{"line":26,"column":16},"end":{"line":26,"column":27}},"loc":{"start":{"line":26,"column":32},"end":{"line":28,"column":1}},"line":26},"3":{"name":"(anonymous_3)","decl":{"start":{"line":27,"column":22},"end":{"line":27,"column":23}},"loc":{"start":{"line":27,"column":29},"end":{"line":27,"column":40}},"line":27},"4":{"name":"addNote","decl":{"start":{"line":30,"column":16},"end":{"line":30,"column":23}},"loc":{"start":{"line":30,"column":30},"end":{"line":33,"column":1}},"line":30},"5":{"name":"updateNote","decl":{"start":{"line":35,"column":16},"end":{"line":35,"column":26}},"loc":{"start":{"line":35,"column":40},"end":{"line":40,"column":1}},"line":35},"6":{"name":"(anonymous_6)","decl":{"start":{"line":36,"column":34},"end":{"line":36,"column":35}},"loc":{"start":{"line":36,"column":41},"end":{"line":36,"column":52}},"line":36},"7":{"name":"deleteNote","decl":{"start":{"line":42,"column":16},"end":{"line":42,"column":26}},"loc":{"start":{"line":42,"column":31},"end":{"line":45,"column":1}},"line":42},"8":{"name":"(anonymous_8)","decl":{"start":{"line":43,"column":25},"end":{"line":43,"column":26}},"loc":{"start":{"line":43,"column":32},"end":{"line":43,"column":43}},"line":43},"9":{"name":"resetStore","decl":{"start":{"line":47,"column":16},"end":{"line":47,"column":26}},"loc":{"start":{"line":47,"column":29},"end":{"line":49,"column":1}},"line":47},"10":{"name":"(anonymous_10)","decl":{"start":{"line":48,"column":25},"end":{"line":48,"column":26}},"loc":{"start":{"line":48,"column":33},"end":{"line":48,"column":41}},"line":48}},"branchMap":{"0":{"loc":{"start":{"line":27,"column":11},"end":{"line":27,"column":49}},"type":"binary-expr","locations":[{"start":{"line":27,"column":11},"end":{"line":27,"column":41}},{"start":{"line":27,"column":45},"end":{"line":27,"column":49}}],"line":27},"1":{"loc":{"start":{"line":37,"column":4},"end":{"line":37,"column":33}},"type":"if","locations":[{"start":{"line":37,"column":4},"end":{"line":37,"column":33}},{"start":{},"end":{}}],"line":37}},"s":{"0":1,"1":1,"2":2,"3":20,"4":27,"5":55,"6":43,"7":43,"8":2,"9":6,"10":2,"11":0,"12":2,"13":2,"14":13,"15":24,"16":13,"17":45,"18":90},"f":{"0":2,"1":20,"2":27,"3":55,"4":43,"5":2,"6":6,"7":13,"8":24,"9":45,"10":90},"b":{"0":[27,6],"1":[0,2]},"_coverageSchema":"1a1c01bbd47fc00a2c39e90264f33305004495a9","hash":"2c32326d26ff18b7545ee1362c66cfffd7674946"}
}
