{"C:\\facultate\\sem4\\mpp\\github-project\\synchronicity-space\\synchronicity-space-backend\\src\\database.js": {"path":"C:\\facultate\\sem4\\mpp\\github-project\\synchronicity-space\\synchronicity-space-backend\\src\\database.js","statementMap":{"0":{"start":{"line":4,"column":25},"end":{"line":9,"column":2}}},"fnMap":{},"branchMap":{},"s":{"0":1},"f":{},"b":{},"_coverageSchema":"1a1c01bbd47fc00a2c39e90264f33305004495a9","hash":"cf4961e102faf86cb6851db034fa0413ce1a600c"}
,"C:\\facultate\\sem4\\mpp\\github-project\\synchronicity-space\\synchronicity-space-backend\\src\\models\\Album.js": {"path":"C:\\facultate\\sem4\\mpp\\github-project\\synchronicity-space\\synchronicity-space-backend\\src\\models\\Album.js","statementMap":{"0":{"start":{"line":4,"column":21},"end":{"line":15,"column":2}}},"fnMap":{},"branchMap":{},"s":{"0":1},"f":{},"b":{},"_coverageSchema":"1a1c01bbd47fc00a2c39e90264f33305004495a9","hash":"0aa792044c77290d53f2165fc09ceb5528ab3d41"}
,"C:\\facultate\\sem4\\mpp\\github-project\\synchronicity-space\\synchronicity-space-backend\\src\\models\\Listen.js": {"path":"C:\\facultate\\sem4\\mpp\\github-project\\synchronicity-space\\synchronicity-space-backend\\src\\models\\Listen.js","statementMap":{"0":{"start":{"line":4,"column":22},"end":{"line":14,"column":25}}},"fnMap":{},"branchMap":{},"s":{"0":1},"f":{},"b":{},"_coverageSchema":"1a1c01bbd47fc00a2c39e90264f33305004495a9","hash":"7544af11999983dd38dcf40e07e1146b03784cf2"}
,"C:\\facultate\\sem4\\mpp\\github-project\\synchronicity-space\\synchronicity-space-backend\\src\\models\\Note.js": {"path":"C:\\facultate\\sem4\\mpp\\github-project\\synchronicity-space\\synchronicity-space-backend\\src\\models\\Note.js","statementMap":{"0":{"start":{"line":5,"column":20},"end":{"line":30,"column":2}},"1":{"start":{"line":32,"column":32},"end":{"line":37,"column":2}},"2":{"start":{"line":39,"column":32},"end":{"line":41,"column":2}}},"fnMap":{},"branchMap":{},"s":{"0":3,"1":3,"2":3},"f":{},"b":{},"_coverageSchema":"1a1c01bbd47fc00a2c39e90264f33305004495a9","hash":"974eb07d1736d3c588c4d0d53943e100c9d553d7"}
,"C:\\facultate\\sem4\\mpp\\github-project\\synchronicity-space\\synchronicity-space-backend\\src\\models\\Track.js": {"path":"C:\\facultate\\sem4\\mpp\\github-project\\synchronicity-space\\synchronicity-space-backend\\src\\models\\Track.js","statementMap":{"0":{"start":{"line":4,"column":21},"end":{"line":20,"column":2}}},"fnMap":{},"branchMap":{},"s":{"0":1},"f":{},"b":{},"_coverageSchema":"1a1c01bbd47fc00a2c39e90264f33305004495a9","hash":"2eddcfcfd80571c195a94a4121dffedb95f18b9c"}
,"C:\\facultate\\sem4\\mpp\\github-project\\synchronicity-space\\synchronicity-space-backend\\src\\models\\User.js": {"path":"C:\\facultate\\sem4\\mpp\\github-project\\synchronicity-space\\synchronicity-space-backend\\src\\models\\User.js","statementMap":{"0":{"start":{"line":4,"column":20},"end":{"line":28,"column":2}},"1":{"start":{"line":30,"column":0},"end":{"line":33,"column":3}}},"fnMap":{"0":{"name":"(anonymous_0)","decl":{"start":{"line":30,"column":18},"end":{"line":30,"column":19}},"loc":{"start":{"line":30,"column":34},"end":{"line":33,"column":1}},"line":30}},"branchMap":{},"s":{"0":1,"1":1},"f":{"0":0},"b":{},"_coverageSchema":"1a1c01bbd47fc00a2c39e90264f33305004495a9","hash":"bc8428c50c4c3722beb9504355b4eb681d235175"}
,"C:\\facultate\\sem4\\mpp\\github-project\\synchronicity-space\\synchronicity-space-backend\\src\\routers\\albumRouter.js": {"path":"C:\\facultate\\sem4\\mpp\\github-project\\synchronicity-space\\synchronicity-space-backend\\src\\routers\\albumRouter.js","statementMap":{"0":{"start":{"line":6,"column":27},"end":{"line":6,"column":35}},"1":{"start":{"line":8,"column":0},"end":{"line":13,"column":3}},"2":{"start":{"line":9,"column":17},"end":{"line":11,"column":4}},"3":{"start":{"line":12,"column":2},"end":{"line":12,"column":19}},"4":{"start":{"line":15,"column":0},"end":{"line":19,"column":3}},"5":{"start":{"line":16,"column":18},"end":{"line":16,"column":45}},"6":{"start":{"line":17,"column":4},"end":{"line":17,"column":93}},"7":{"start":{"line":17,"column":16},"end":{"line":17,"column":93}},"8":{"start":{"line":18,"column":4},"end":{"line":18,"column":20}}},"fnMap":{"0":{"name":"(anonymous_0)","decl":{"start":{"line":8,"column":21},"end":{"line":8,"column":22}},"loc":{"start":{"line":8,"column":41},"end":{"line":13,"column":1}},"line":8},"1":{"name":"(anonymous_1)","decl":{"start":{"line":15,"column":24},"end":{"line":15,"column":25}},"loc":{"start":{"line":15,"column":38},"end":{"line":19,"column":1}},"line":15}},"branchMap":{"0":{"loc":{"start":{"line":17,"column":4},"end":{"line":17,"column":93}},"type":"if","locations":[{"start":{"line":17,"column":4},"end":{"line":17,"column":93}},{"start":{},"end":{}}],"line":17}},"s":{"0":1,"1":1,"2":2,"3":2,"4":1,"5":2,"6":2,"7":1,"8":1},"f":{"0":2,"1":2},"b":{"0":[1,1]},"_coverageSchema":"1a1c01bbd47fc00a2c39e90264f33305004495a9","hash":"9251044c9f78135138703a32c1c8143a371b365b"}
,"C:\\facultate\\sem4\\mpp\\github-project\\synchronicity-space\\synchronicity-space-backend\\src\\routers\\noteRouter.js": {"path":"C:\\facultate\\sem4\\mpp\\github-project\\synchronicity-space\\synchronicity-space-backend\\src\\routers\\noteRouter.js","statementMap":{"0":{"start":{"line":8,"column":26},"end":{"line":8,"column":34}},"1":{"start":{"line":11,"column":17},"end":{"line":11,"column":35}},"2":{"start":{"line":12,"column":2},"end":{"line":12,"column":64}},"3":{"start":{"line":12,"column":27},"end":{"line":12,"column":62}},"4":{"start":{"line":15,"column":0},"end":{"line":45,"column":3}},"5":{"start":{"line":16,"column":15},"end":{"line":16,"column":44}},"6":{"start":{"line":17,"column":19},"end":{"line":17,"column":53}},"7":{"start":{"line":18,"column":39},"end":{"line":18,"column":48}},"8":{"start":{"line":20,"column":22},"end":{"line":20,"column":24}},"9":{"start":{"line":21,"column":2},"end":{"line":21,"column":45}},"10":{"start":{"line":21,"column":15},"end":{"line":21,"column":45}},"11":{"start":{"line":22,"column":2},"end":{"line":22,"column":45}},"12":{"start":{"line":22,"column":15},"end":{"line":22,"column":45}},"13":{"start":{"line":23,"column":2},"end":{"line":23,"column":42}},"14":{"start":{"line":23,"column":14},"end":{"line":23,"column":42}},"15":{"start":{"line":25,"column":2},"end":{"line":44,"column":3}},"16":{"start":{"line":26,"column":28},"end":{"line":32,"column":6}},"17":{"start":{"line":34,"column":4},"end":{"line":40,"column":7}},"18":{"start":{"line":43,"column":4},"end":{"line":43,"column":49}},"19":{"start":{"line":47,"column":0},"end":{"line":62,"column":2}},"20":{"start":{"line":48,"column":17},"end":{"line":48,"column":53}},"21":{"start":{"line":49,"column":2},"end":{"line":51,"column":3}},"22":{"start":{"line":50,"column":4},"end":{"line":50,"column":72}},"23":{"start":{"line":53,"column":2},"end":{"line":61,"column":3}},"24":{"start":{"line":54,"column":17},"end":{"line":54,"column":47}},"25":{"start":{"line":55,"column":21},"end":{"line":57,"column":6}},"26":{"start":{"line":58,"column":4},"end":{"line":58,"column":31}},"27":{"start":{"line":60,"column":4},"end":{"line":60,"column":49}},"28":{"start":{"line":64,"column":0},"end":{"line":102,"column":3}},"29":{"start":{"line":65,"column":16},"end":{"line":65,"column":29}},"30":{"start":{"line":66,"column":2},"end":{"line":76,"column":3}},"31":{"start":{"line":67,"column":4},"end":{"line":75,"column":6}},"32":{"start":{"line":78,"column":24},"end":{"line":78,"column":26}},"33":{"start":{"line":79,"column":24},"end":{"line":79,"column":26}},"34":{"start":{"line":80,"column":23},"end":{"line":80,"column":25}},"35":{"start":{"line":81,"column":20},"end":{"line":81,"column":21}},"36":{"start":{"line":83,"column":2},"end":{"line":88,"column":3}},"37":{"start":{"line":84,"column":4},"end":{"line":84,"column":73}},"38":{"start":{"line":85,"column":4},"end":{"line":85,"column":73}},"39":{"start":{"line":86,"column":4},"end":{"line":86,"column":69}},"40":{"start":{"line":87,"column":4},"end":{"line":87,"column":36}},"41":{"start":{"line":90,"column":26},"end":{"line":90,"column":89}},"42":{"start":{"line":90,"column":71},"end":{"line":90,"column":82}},"43":{"start":{"line":91,"column":26},"end":{"line":91,"column":89}},"44":{"start":{"line":91,"column":71},"end":{"line":91,"column":82}},"45":{"start":{"line":93,"column":2},"end":{"line":101,"column":5}},"46":{"start":{"line":105,"column":0},"end":{"line":113,"column":3}},"47":{"start":{"line":106,"column":2},"end":{"line":112,"column":3}},"48":{"start":{"line":107,"column":17},"end":{"line":107,"column":51}},"49":{"start":{"line":108,"column":4},"end":{"line":108,"column":67}},"50":{"start":{"line":108,"column":15},"end":{"line":108,"column":67}},"51":{"start":{"line":109,"column":4},"end":{"line":109,"column":19}},"52":{"start":{"line":111,"column":4},"end":{"line":111,"column":51}},"53":{"start":{"line":115,"column":0},"end":{"line":134,"column":3}},"54":{"start":{"line":116,"column":33},"end":{"line":116,"column":42}},"55":{"start":{"line":117,"column":17},"end":{"line":117,"column":53}},"56":{"start":{"line":119,"column":2},"end":{"line":121,"column":3}},"57":{"start":{"line":120,"column":4},"end":{"line":120,"column":72}},"58":{"start":{"line":123,"column":2},"end":{"line":133,"column":3}},"59":{"start":{"line":124,"column":17},"end":{"line":124,"column":51}},"60":{"start":{"line":125,"column":4},"end":{"line":125,"column":72}},"61":{"start":{"line":125,"column":15},"end":{"line":125,"column":72}},"62":{"start":{"line":126,"column":4},"end":{"line":126,"column":99}},"63":{"start":{"line":126,"column":44},"end":{"line":126,"column":99}},"64":{"start":{"line":128,"column":4},"end":{"line":128,"column":50}},"65":{"start":{"line":129,"column":4},"end":{"line":129,"column":19}},"66":{"start":{"line":132,"column":4},"end":{"line":132,"column":49}},"67":{"start":{"line":136,"column":0},"end":{"line":152,"column":3}},"68":{"start":{"line":137,"column":33},"end":{"line":137,"column":42}},"69":{"start":{"line":139,"column":2},"end":{"line":151,"column":3}},"70":{"start":{"line":140,"column":17},"end":{"line":140,"column":51}},"71":{"start":{"line":141,"column":4},"end":{"line":141,"column":72}},"72":{"start":{"line":141,"column":15},"end":{"line":141,"column":72}},"73":{"start":{"line":143,"column":4},"end":{"line":145,"column":5}},"74":{"start":{"line":144,"column":6},"end":{"line":144,"column":61}},"75":{"start":{"line":147,"column":4},"end":{"line":147,"column":25}},"76":{"start":{"line":148,"column":4},"end":{"line":148,"column":27}},"77":{"start":{"line":150,"column":4},"end":{"line":150,"column":49}}},"fnMap":{"0":{"name":"formatErrors","decl":{"start":{"line":10,"column":9},"end":{"line":10,"column":21}},"loc":{"start":{"line":10,"column":29},"end":{"line":13,"column":1}},"line":10},"1":{"name":"(anonymous_1)","decl":{"start":{"line":12,"column":20},"end":{"line":12,"column":21}},"loc":{"start":{"line":12,"column":27},"end":{"line":12,"column":62}},"line":12},"2":{"name":"(anonymous_2)","decl":{"start":{"line":15,"column":20},"end":{"line":15,"column":21}},"loc":{"start":{"line":15,"column":40},"end":{"line":45,"column":1}},"line":15},"3":{"name":"(anonymous_3)","decl":{"start":{"line":47,"column":21},"end":{"line":47,"column":22}},"loc":{"start":{"line":47,"column":41},"end":{"line":62,"column":1}},"line":47},"4":{"name":"(anonymous_4)","decl":{"start":{"line":64,"column":25},"end":{"line":64,"column":26}},"loc":{"start":{"line":64,"column":39},"end":{"line":102,"column":1}},"line":64},"5":{"name":"(anonymous_5)","decl":{"start":{"line":90,"column":61},"end":{"line":90,"column":62}},"loc":{"start":{"line":90,"column":71},"end":{"line":90,"column":82}},"line":90},"6":{"name":"(anonymous_6)","decl":{"start":{"line":91,"column":61},"end":{"line":91,"column":62}},"loc":{"start":{"line":91,"column":71},"end":{"line":91,"column":82}},"line":91},"7":{"name":"(anonymous_7)","decl":{"start":{"line":105,"column":23},"end":{"line":105,"column":24}},"loc":{"start":{"line":105,"column":43},"end":{"line":113,"column":1}},"line":105},"8":{"name":"(anonymous_8)","decl":{"start":{"line":115,"column":23},"end":{"line":115,"column":24}},"loc":{"start":{"line":115,"column":43},"end":{"line":134,"column":1}},"line":115},"9":{"name":"(anonymous_9)","decl":{"start":{"line":136,"column":26},"end":{"line":136,"column":27}},"loc":{"start":{"line":136,"column":46},"end":{"line":152,"column":1}},"line":136}},"branchMap":{"0":{"loc":{"start":{"line":11,"column":17},"end":{"line":11,"column":35}},"type":"binary-expr","locations":[{"start":{"line":11,"column":17},"end":{"line":11,"column":29}},{"start":{"line":11,"column":33},"end":{"line":11,"column":35}}],"line":11},"1":{"loc":{"start":{"line":16,"column":15},"end":{"line":16,"column":44}},"type":"binary-expr","locations":[{"start":{"line":16,"column":15},"end":{"line":16,"column":39}},{"start":{"line":16,"column":43},"end":{"line":16,"column":44}}],"line":16},"2":{"loc":{"start":{"line":17,"column":19},"end":{"line":17,"column":53}},"type":"binary-expr","locations":[{"start":{"line":17,"column":19},"end":{"line":17,"column":47}},{"start":{"line":17,"column":51},"end":{"line":17,"column":53}}],"line":17},"3":{"loc":{"start":{"line":21,"column":2},"end":{"line":21,"column":45}},"type":"if","locations":[{"start":{"line":21,"column":2},"end":{"line":21,"column":45}},{"start":{},"end":{}}],"line":21},"4":{"loc":{"start":{"line":22,"column":2},"end":{"line":22,"column":45}},"type":"if","locations":[{"start":{"line":22,"column":2},"end":{"line":22,"column":45}},{"start":{},"end":{}}],"line":22},"5":{"loc":{"start":{"line":23,"column":2},"end":{"line":23,"column":42}},"type":"if","locations":[{"start":{"line":23,"column":2},"end":{"line":23,"column":42}},{"start":{},"end":{}}],"line":23},"6":{"loc":{"start":{"line":49,"column":2},"end":{"line":51,"column":3}},"type":"if","locations":[{"start":{"line":49,"column":2},"end":{"line":51,"column":3}},{"start":{},"end":{}}],"line":49},"7":{"loc":{"start":{"line":66,"column":2},"end":{"line":76,"column":3}},"type":"if","locations":[{"start":{"line":66,"column":2},"end":{"line":76,"column":3}},{"start":{},"end":{}}],"line":66},"8":{"loc":{"start":{"line":84,"column":35},"end":{"line":84,"column":67}},"type":"binary-expr","locations":[{"start":{"line":84,"column":35},"end":{"line":84,"column":62}},{"start":{"line":84,"column":66},"end":{"line":84,"column":67}}],"line":84},"9":{"loc":{"start":{"line":85,"column":35},"end":{"line":85,"column":67}},"type":"binary-expr","locations":[{"start":{"line":85,"column":35},"end":{"line":85,"column":62}},{"start":{"line":85,"column":66},"end":{"line":85,"column":67}}],"line":85},"10":{"loc":{"start":{"line":86,"column":33},"end":{"line":86,"column":63}},"type":"binary-expr","locations":[{"start":{"line":86,"column":33},"end":{"line":86,"column":58}},{"start":{"line":86,"column":62},"end":{"line":86,"column":63}}],"line":86},"11":{"loc":{"start":{"line":108,"column":4},"end":{"line":108,"column":67}},"type":"if","locations":[{"start":{"line":108,"column":4},"end":{"line":108,"column":67}},{"start":{},"end":{}}],"line":108},"12":{"loc":{"start":{"line":119,"column":2},"end":{"line":121,"column":3}},"type":"if","locations":[{"start":{"line":119,"column":2},"end":{"line":121,"column":3}},{"start":{},"end":{}}],"line":119},"13":{"loc":{"start":{"line":125,"column":4},"end":{"line":125,"column":72}},"type":"if","locations":[{"start":{"line":125,"column":4},"end":{"line":125,"column":72}},{"start":{},"end":{}}],"line":125},"14":{"loc":{"start":{"line":126,"column":4},"end":{"line":126,"column":99}},"type":"if","locations":[{"start":{"line":126,"column":4},"end":{"line":126,"column":99}},{"start":{},"end":{}}],"line":126},"15":{"loc":{"start":{"line":141,"column":4},"end":{"line":141,"column":72}},"type":"if","locations":[{"start":{"line":141,"column":4},"end":{"line":141,"column":72}},{"start":{},"end":{}}],"line":141},"16":{"loc":{"start":{"line":143,"column":4},"end":{"line":145,"column":5}},"type":"if","locations":[{"start":{"line":143,"column":4},"end":{"line":145,"column":5}},{"start":{},"end":{}}],"line":143}},"s":{"0":1,"1":5,"2":5,"3":5,"4":1,"5":8,"6":8,"7":8,"8":8,"9":8,"10":1,"11":8,"12":1,"13":8,"14":1,"15":8,"16":8,"17":7,"18":1,"19":1,"20":6,"21":6,"22":3,"23":3,"24":3,"25":2,"26":2,"27":1,"28":1,"29":0,"30":0,"31":0,"32":0,"33":0,"34":0,"35":0,"36":0,"37":0,"38":0,"39":0,"40":0,"41":0,"42":0,"43":0,"44":0,"45":0,"46":1,"47":3,"48":3,"49":2,"50":1,"51":1,"52":1,"53":1,"54":6,"55":6,"56":6,"57":2,"58":4,"59":4,"60":3,"61":1,"62":2,"63":1,"64":1,"65":1,"66":1,"67":1,"68":4,"69":4,"70":4,"71":3,"72":1,"73":2,"74":1,"75":1,"76":1,"77":1},"f":{"0":5,"1":5,"2":8,"3":6,"4":0,"5":0,"6":0,"7":3,"8":6,"9":4},"b":{"0":[5,0],"1":[8,7],"2":[8,6],"3":[1,7],"4":[1,7],"5":[1,7],"6":[3,3],"7":[0,0],"8":[0,0],"9":[0,0],"10":[0,0],"11":[1,1],"12":[2,4],"13":[1,2],"14":[1,1],"15":[1,2],"16":[1,1]},"_coverageSchema":"1a1c01bbd47fc00a2c39e90264f33305004495a9","hash":"afef57934e0526c704416625d893ecf5bb0f41a1"}
,"C:\\facultate\\sem4\\mpp\\github-project\\synchronicity-space\\synchronicity-space-backend\\src\\routers\\statsRouter.js": {"path":"C:\\facultate\\sem4\\mpp\\github-project\\synchronicity-space\\synchronicity-space-backend\\src\\routers\\statsRouter.js","statementMap":{"0":{"start":{"line":5,"column":27},"end":{"line":5,"column":35}},"1":{"start":{"line":7,"column":0},"end":{"line":15,"column":3}},"2":{"start":{"line":8,"column":39},"end":{"line":8,"column":47}},"3":{"start":{"line":9,"column":4},"end":{"line":14,"column":5}},"4":{"start":{"line":10,"column":8},"end":{"line":10,"column":76}},"5":{"start":{"line":11,"column":8},"end":{"line":11,"column":61}},"6":{"start":{"line":13,"column":8},"end":{"line":13,"column":53}},"7":{"start":{"line":17,"column":0},"end":{"line":68,"column":3}},"8":{"start":{"line":18,"column":23},"end":{"line":18,"column":32}},"9":{"start":{"line":19,"column":4},"end":{"line":19,"column":78}},"10":{"start":{"line":19,"column":17},"end":{"line":19,"column":78}},"11":{"start":{"line":21,"column":4},"end":{"line":67,"column":5}},"12":{"start":{"line":22,"column":28},"end":{"line":31,"column":10}},"13":{"start":{"line":33,"column":29},"end":{"line":33,"column":39}},"14":{"start":{"line":34,"column":8},"end":{"line":34,"column":57}},"15":{"start":{"line":36,"column":24},"end":{"line":38,"column":10}},"16":{"start":{"line":40,"column":22},"end":{"line":42,"column":10}},"17":{"start":{"line":44,"column":25},"end":{"line":44,"column":74}},"18":{"start":{"line":45,"column":26},"end":{"line":56,"column":10}},"19":{"start":{"line":46,"column":37},"end":{"line":46,"column":99}},"20":{"start":{"line":46,"column":57},"end":{"line":46,"column":98}},"21":{"start":{"line":47,"column":40},"end":{"line":47,"column":90}},"22":{"start":{"line":47,"column":74},"end":{"line":47,"column":83}},"23":{"start":{"line":49,"column":31},"end":{"line":49,"column":97}},"24":{"start":{"line":49,"column":49},"end":{"line":49,"column":89}},"25":{"start":{"line":51,"column":12},"end":{"line":55,"column":14}},"26":{"start":{"line":58,"column":8},"end":{"line":64,"column":11}},"27":{"start":{"line":59,"column":45},"end":{"line":62,"column":13}},"28":{"start":{"line":66,"column":8},"end":{"line":66,"column":53}}},"fnMap":{"0":{"name":"(anonymous_0)","decl":{"start":{"line":7,"column":28},"end":{"line":7,"column":29}},"loc":{"start":{"line":7,"column":48},"end":{"line":15,"column":1}},"line":7},"1":{"name":"(anonymous_1)","decl":{"start":{"line":17,"column":28},"end":{"line":17,"column":29}},"loc":{"start":{"line":17,"column":48},"end":{"line":68,"column":1}},"line":17},"2":{"name":"(anonymous_2)","decl":{"start":{"line":45,"column":39},"end":{"line":45,"column":40}},"loc":{"start":{"line":45,"column":55},"end":{"line":56,"column":9}},"line":45},"3":{"name":"(anonymous_3)","decl":{"start":{"line":46,"column":52},"end":{"line":46,"column":53}},"loc":{"start":{"line":46,"column":57},"end":{"line":46,"column":98}},"line":46},"4":{"name":"(anonymous_4)","decl":{"start":{"line":47,"column":69},"end":{"line":47,"column":70}},"loc":{"start":{"line":47,"column":74},"end":{"line":47,"column":83}},"line":47},"5":{"name":"(anonymous_5)","decl":{"start":{"line":49,"column":44},"end":{"line":49,"column":45}},"loc":{"start":{"line":49,"column":49},"end":{"line":49,"column":89}},"line":49},"6":{"name":"(anonymous_6)","decl":{"start":{"line":59,"column":39},"end":{"line":59,"column":40}},"loc":{"start":{"line":59,"column":45},"end":{"line":62,"column":13}},"line":59}},"branchMap":{"0":{"loc":{"start":{"line":10,"column":54},"end":{"line":10,"column":72}},"type":"binary-expr","locations":[{"start":{"line":10,"column":54},"end":{"line":10,"column":59}},{"start":{"line":10,"column":63},"end":{"line":10,"column":72}}],"line":10},"1":{"loc":{"start":{"line":19,"column":4},"end":{"line":19,"column":78}},"type":"if","locations":[{"start":{"line":19,"column":4},"end":{"line":19,"column":78}},{"start":{},"end":{}}],"line":19}},"s":{"0":1,"1":1,"2":3,"3":3,"4":3,"5":2,"6":1,"7":1,"8":5,"9":5,"10":1,"11":4,"12":4,"13":3,"14":3,"15":3,"16":3,"17":3,"18":3,"19":21,"20":42,"21":21,"22":6,"23":21,"24":42,"25":21,"26":3,"27":6,"28":1},"f":{"0":3,"1":5,"2":21,"3":42,"4":6,"5":42,"6":6},"b":{"0":[3,2],"1":[1,4]},"_coverageSchema":"1a1c01bbd47fc00a2c39e90264f33305004495a9","hash":"8fc4a906307f03bc054baf865b3983aeeed9db6f"}
,"C:\\facultate\\sem4\\mpp\\github-project\\synchronicity-space\\synchronicity-space-backend\\src\\routers\\userRouter.js": {"path":"C:\\facultate\\sem4\\mpp\\github-project\\synchronicity-space\\synchronicity-space-backend\\src\\routers\\userRouter.js","statementMap":{"0":{"start":{"line":5,"column":26},"end":{"line":5,"column":34}},"1":{"start":{"line":7,"column":0},"end":{"line":10,"column":3}},"2":{"start":{"line":8,"column":16},"end":{"line":8,"column":36}},"3":{"start":{"line":9,"column":2},"end":{"line":9,"column":18}},"4":{"start":{"line":12,"column":0},"end":{"line":16,"column":3}},"5":{"start":{"line":13,"column":15},"end":{"line":13,"column":41}},"6":{"start":{"line":14,"column":2},"end":{"line":14,"column":89}},"7":{"start":{"line":14,"column":13},"end":{"line":14,"column":89}},"8":{"start":{"line":15,"column":2},"end":{"line":15,"column":17}}},"fnMap":{"0":{"name":"(anonymous_0)","decl":{"start":{"line":7,"column":20},"end":{"line":7,"column":21}},"loc":{"start":{"line":7,"column":40},"end":{"line":10,"column":1}},"line":7},"1":{"name":"(anonymous_1)","decl":{"start":{"line":12,"column":23},"end":{"line":12,"column":24}},"loc":{"start":{"line":12,"column":37},"end":{"line":16,"column":1}},"line":12}},"branchMap":{"0":{"loc":{"start":{"line":14,"column":2},"end":{"line":14,"column":89}},"type":"if","locations":[{"start":{"line":14,"column":2},"end":{"line":14,"column":89}},{"start":{},"end":{}}],"line":14}},"s":{"0":1,"1":1,"2":2,"3":2,"4":1,"5":2,"6":2,"7":1,"8":1},"f":{"0":2,"1":2},"b":{"0":[1,1]},"_coverageSchema":"1a1c01bbd47fc00a2c39e90264f33305004495a9","hash":"81b26ba644d9fde873f403183a1cddf407bfd9f0"}
}
