TN:
SF:src\database.js
FNF:0
FNH:0
DA:4,1
LF:1
LH:1
BRF:0
BRH:0
end_of_record
TN:
SF:src\models\Album.js
FNF:0
FNH:0
DA:4,1
LF:1
LH:1
BRF:0
BRH:0
end_of_record
TN:
SF:src\models\Listen.js
FNF:0
FNH:0
DA:4,1
LF:1
LH:1
BRF:0
BRH:0
end_of_record
TN:
SF:src\models\Note.js
FNF:0
FNH:0
DA:5,3
DA:32,3
DA:39,3
LF:3
LH:3
BRF:0
BRH:0
end_of_record
TN:
SF:src\models\Track.js
FNF:0
FNH:0
DA:4,1
LF:1
LH:1
BRF:0
BRH:0
end_of_record
TN:
SF:src\models\User.js
FN:30,(anonymous_0)
FNF:1
FNH:0
FNDA:0,(anonymous_0)
DA:4,1
DA:30,1
LF:2
LH:2
BRF:0
BRH:0
end_of_record
TN:
SF:src\routers\albumRouter.js
FN:8,(anonymous_0)
FN:15,(anonymous_1)
FNF:2
FNH:2
FNDA:2,(anonymous_0)
FNDA:2,(anonymous_1)
DA:6,1
DA:8,1
DA:9,2
DA:12,2
DA:15,1
DA:16,2
DA:17,2
DA:18,1
LF:8
LH:8
BRDA:17,0,0,1
BRDA:17,0,1,1
BRF:2
BRH:2
end_of_record
TN:
SF:src\routers\noteRouter.js
FN:10,formatErrors
FN:12,(anonymous_1)
FN:15,(anonymous_2)
FN:47,(anonymous_3)
FN:64,(anonymous_4)
FN:90,(anonymous_5)
FN:91,(anonymous_6)
FN:105,(anonymous_7)
FN:115,(anonymous_8)
FN:136,(anonymous_9)
FNF:10
FNH:7
FNDA:5,formatErrors
FNDA:5,(anonymous_1)
FNDA:8,(anonymous_2)
FNDA:6,(anonymous_3)
FNDA:0,(anonymous_4)
FNDA:0,(anonymous_5)
FNDA:0,(anonymous_6)
FNDA:3,(anonymous_7)
FNDA:6,(anonymous_8)
FNDA:4,(anonymous_9)
DA:8,1
DA:11,5
DA:12,5
DA:15,1
DA:16,8
DA:17,8
DA:18,8
DA:20,8
DA:21,8
DA:22,8
DA:23,8
DA:25,8
DA:26,8
DA:34,7
DA:43,1
DA:47,1
DA:48,6
DA:49,6
DA:50,3
DA:53,3
DA:54,3
DA:55,2
DA:58,2
DA:60,1
DA:64,1
DA:65,0
DA:66,0
DA:67,0
DA:78,0
DA:79,0
DA:80,0
DA:81,0
DA:83,0
DA:84,0
DA:85,0
DA:86,0
DA:87,0
DA:90,0
DA:91,0
DA:93,0
DA:105,1
DA:106,3
DA:107,3
DA:108,2
DA:109,1
DA:111,1
DA:115,1
DA:116,6
DA:117,6
DA:119,6
DA:120,2
DA:123,4
DA:124,4
DA:125,3
DA:126,2
DA:128,1
DA:129,1
DA:132,1
DA:136,1
DA:137,4
DA:139,4
DA:140,4
DA:141,3
DA:143,2
DA:144,1
DA:147,1
DA:148,1
DA:150,1
LF:68
LH:53
BRDA:11,0,0,5
BRDA:11,0,1,0
BRDA:16,1,0,8
BRDA:16,1,1,7
BRDA:17,2,0,8
BRDA:17,2,1,6
BRDA:21,3,0,1
BRDA:21,3,1,7
BRDA:22,4,0,1
BRDA:22,4,1,7
BRDA:23,5,0,1
BRDA:23,5,1,7
BRDA:49,6,0,3
BRDA:49,6,1,3
BRDA:66,7,0,0
BRDA:66,7,1,0
BRDA:84,8,0,0
BRDA:84,8,1,0
BRDA:85,9,0,0
BRDA:85,9,1,0
BRDA:86,10,0,0
BRDA:86,10,1,0
BRDA:108,11,0,1
BRDA:108,11,1,1
BRDA:119,12,0,2
BRDA:119,12,1,4
BRDA:125,13,0,1
BRDA:125,13,1,2
BRDA:126,14,0,1
BRDA:126,14,1,1
BRDA:141,15,0,1
BRDA:141,15,1,2
BRDA:143,16,0,1
BRDA:143,16,1,1
BRF:34
BRH:25
end_of_record
TN:
SF:src\routers\statsRouter.js
FN:7,(anonymous_0)
FN:17,(anonymous_1)
FN:45,(anonymous_2)
FN:46,(anonymous_3)
FN:47,(anonymous_4)
FN:49,(anonymous_5)
FN:59,(anonymous_6)
FNF:7
FNH:7
FNDA:3,(anonymous_0)
FNDA:5,(anonymous_1)
FNDA:21,(anonymous_2)
FNDA:42,(anonymous_3)
FNDA:6,(anonymous_4)
FNDA:42,(anonymous_5)
FNDA:6,(anonymous_6)
DA:5,1
DA:7,1
DA:8,3
DA:9,3
DA:10,3
DA:11,2
DA:13,1
DA:17,1
DA:18,5
DA:19,5
DA:21,4
DA:22,4
DA:33,3
DA:34,3
DA:36,3
DA:40,3
DA:44,3
DA:45,3
DA:46,42
DA:47,21
DA:49,42
DA:51,21
DA:58,3
DA:59,6
DA:66,1
LF:25
LH:25
BRDA:10,0,0,3
BRDA:10,0,1,2
BRDA:19,1,0,1
BRDA:19,1,1,4
BRF:4
BRH:4
end_of_record
TN:
SF:src\routers\userRouter.js
FN:7,(anonymous_0)
FN:12,(anonymous_1)
FNF:2
FNH:2
FNDA:2,(anonymous_0)
FNDA:2,(anonymous_1)
DA:5,1
DA:7,1
DA:8,2
DA:9,2
DA:12,1
DA:13,2
DA:14,2
DA:15,1
LF:8
LH:8
BRDA:14,0,0,1
BRDA:14,0,1,1
BRF:2
BRH:2
end_of_record
