TN:
SF:src\app.js
FN:7,(anonymous_0)
FN:18,(anonymous_1)
FNF:2
FNH:2
FNDA:102,(anonymous_0)
FNDA:1,(anonymous_1)
DA:5,1
DA:7,1
DA:8,102
DA:9,102
DA:10,102
DA:11,102
DA:12,102
DA:15,1
DA:16,1
DA:18,1
DA:19,1
DA:22,1
LF:12
LH:12
BRDA:11,0,0,0
BRDA:11,0,1,102
BRF:2
BRH:1
end_of_record
TN:
SF:src\models\note.js
FN:10,(anonymous_0)
FN:23,(anonymous_1)
FN:32,createNote
FNF:3
FNH:3
FNDA:50,(anonymous_0)
FNDA:5,(anonymous_1)
FNDA:43,createNote
DA:4,1
DA:10,50
DA:20,1
DA:23,5
DA:33,43
LF:5
LH:5
BRF:0
BRH:0
end_of_record
TN:
SF:src\routers\generatorRouter.js
FN:9,setBroadcast
FN:22,(anonymous_1)
FN:25,(anonymous_2)
FN:26,(anonymous_3)
FN:45,(anonymous_4)
FNF:5
FNH:0
FNDA:0,setBroadcast
FNDA:0,(anonymous_1)
FNDA:0,(anonymous_2)
FNDA:0,(anonymous_3)
FNDA:0,(anonymous_4)
DA:6,1
DA:8,1
DA:9,0
DA:11,1
DA:13,1
DA:20,1
DA:22,1
DA:23,0
DA:25,0
DA:26,0
DA:27,0
DA:28,0
DA:30,0
DA:39,0
DA:40,0
DA:42,0
DA:45,1
DA:46,0
DA:47,0
DA:48,0
LF:20
LH:7
BRDA:23,0,0,0
BRDA:23,0,1,0
BRDA:40,1,0,0
BRDA:40,1,1,0
BRF:4
BRH:0
end_of_record
TN:
SF:src\routers\noteRouter.js
FN:10,formatErrors
FN:12,(anonymous_1)
FN:15,(anonymous_2)
FN:41,(anonymous_3)
FN:42,(anonymous_4)
FN:55,(anonymous_5)
FN:72,(anonymous_6)
FN:73,(anonymous_7)
FN:74,(anonymous_8)
FN:84,(anonymous_9)
FN:92,(anonymous_10)
FN:106,(anonymous_11)
FN:131,(anonymous_12)
FNF:13
FNH:12
FNDA:10,formatErrors
FNDA:10,(anonymous_1)
FNDA:6,(anonymous_2)
FNDA:2,(anonymous_3)
FNDA:0,(anonymous_4)
FNDA:16,(anonymous_5)
FNDA:4,(anonymous_6)
FNDA:3,(anonymous_7)
FNDA:3,(anonymous_8)
FNDA:4,(anonymous_9)
FNDA:50,(anonymous_10)
FNDA:8,(anonymous_11)
FNDA:17,(anonymous_12)
DA:8,1
DA:11,10
DA:12,10
DA:15,1
DA:16,6
DA:17,6
DA:18,1
DA:29,5
DA:30,5
DA:31,5
DA:32,5
DA:34,5
DA:35,13
DA:36,13
DA:37,13
DA:38,13
DA:41,5
DA:42,5
DA:44,5
DA:55,1
DA:56,16
DA:57,16
DA:58,16
DA:59,16
DA:61,16
DA:62,1
DA:64,15
DA:65,1
DA:68,14
DA:70,14
DA:72,14
DA:73,14
DA:74,14
DA:76,14
DA:77,14
DA:78,14
DA:79,14
DA:81,14
DA:84,1
DA:85,4
DA:86,4
DA:87,3
DA:89,1
DA:92,1
DA:93,50
DA:94,50
DA:96,50
DA:97,7
DA:100,43
DA:101,43
DA:103,43
DA:106,1
DA:107,8
DA:109,8
DA:110,1
DA:113,7
DA:114,7
DA:115,1
DA:118,6
DA:119,1
DA:122,5
DA:123,5
DA:124,3
DA:127,2
DA:128,2
DA:131,1
DA:132,17
DA:134,17
DA:135,1
DA:138,16
DA:139,16
DA:140,2
DA:143,14
DA:144,1
DA:147,13
DA:148,13
LF:76
LH:76
BRDA:11,0,0,10
BRDA:11,0,1,0
BRDA:17,1,0,1
BRDA:17,1,1,5
BRDA:35,2,0,13
BRDA:35,2,1,7
BRDA:36,3,0,13
BRDA:36,3,1,5
BRDA:37,4,0,13
BRDA:37,4,1,6
BRDA:58,5,0,4
BRDA:58,5,1,12
BRDA:59,6,0,5
BRDA:59,6,1,11
BRDA:61,7,0,1
BRDA:61,7,1,15
BRDA:61,8,0,16
BRDA:61,8,1,16
BRDA:64,9,0,1
BRDA:64,9,1,14
BRDA:64,10,0,15
BRDA:64,10,1,15
BRDA:64,10,2,14
BRDA:72,11,0,1
BRDA:72,11,1,13
BRDA:73,12,0,1
BRDA:73,12,1,13
BRDA:74,13,0,1
BRDA:74,13,1,13
BRDA:86,14,0,3
BRDA:86,14,1,1
BRDA:96,15,0,7
BRDA:96,15,1,43
BRDA:109,16,0,1
BRDA:109,16,1,7
BRDA:114,17,0,1
BRDA:114,17,1,6
BRDA:118,18,0,1
BRDA:118,18,1,5
BRDA:123,19,0,3
BRDA:123,19,1,2
BRDA:134,20,0,1
BRDA:134,20,1,16
BRDA:139,21,0,2
BRDA:139,21,1,14
BRDA:143,22,0,1
BRDA:143,22,1,13
BRF:47
BRH:46
end_of_record
TN:
SF:src\store\noteStore.js
FN:20,(anonymous_0)
FN:22,getAllNotes
FN:26,getNoteById
FN:27,(anonymous_3)
FN:30,addNote
FN:35,updateNote
FN:36,(anonymous_6)
FN:42,deleteNote
FN:43,(anonymous_8)
FN:47,resetStore
FN:48,(anonymous_10)
FNF:11
FNH:11
FNDA:2,(anonymous_0)
FNDA:20,getAllNotes
FNDA:27,getNoteById
FNDA:55,(anonymous_3)
FNDA:43,addNote
FNDA:2,updateNote
FNDA:6,(anonymous_6)
FNDA:13,deleteNote
FNDA:24,(anonymous_8)
FNDA:45,resetStore
FNDA:90,(anonymous_10)
DA:1,1
DA:20,2
DA:23,20
DA:27,55
DA:31,43
DA:32,43
DA:36,6
DA:37,2
DA:38,2
DA:39,2
DA:43,24
DA:44,13
DA:48,90
LF:13
LH:13
BRDA:27,0,0,27
BRDA:27,0,1,6
BRDA:37,1,0,0
BRDA:37,1,1,2
BRF:4
BRH:3
end_of_record
